<?xml version="1.0" encoding="UTF-8"?>
<testng-results skipped="0" failed="0" ignored="0" total="1" passed="1">
  <reporter-output>
  </reporter-output>
  <suite name="Default suite" duration-ms="331054" started-at="2019-05-06T08:28:45Z" finished-at="2019-05-06T08:34:16Z">
    <groups>
    </groups>
    <test name="Default test" duration-ms="331054" started-at="2019-05-06T08:28:45Z" finished-at="2019-05-06T08:34:16Z">
      <class name="com.alm.qa.testcases.ValidationTest">
        <test-method status="PASS" signature="setup()[pri:0, instance:com.alm.qa.testcases.ValidationTest@1bce4f0a]" name="setup" is-config="true" duration-ms="33056" started-at="2019-05-06T08:28:45Z" finished-at="2019-05-06T08:29:18Z">
          <reporter-output>
          </reporter-output>
        </test-method> <!-- setup -->
        <test-method status="PASS" signature="ValidateTest()[pri:1, instance:com.alm.qa.testcases.ValidationTest@1bce4f0a]" name="ValidateTest" duration-ms="297973" started-at="2019-05-06T08:29:18Z" finished-at="2019-05-06T08:34:16Z">
          <reporter-output>
          </reporter-output>
        </test-method> <!-- ValidateTest -->
      </class> <!-- com.alm.qa.testcases.ValidationTest -->
    </test> <!-- Default test -->
  </suite> <!-- Default suite -->
</testng-results>
